-------------------------------------------------------------------------------
Test set: com.softserveinc.edu.oms.persistence.dao.RegionDaoTest
-------------------------------------------------------------------------------
Tests run: 7, Failures: 0, Errors: 7, Skipped: 0, Time elapsed: 0.961 sec <<< FAILURE! - in com.softserveinc.edu.oms.persistence.dao.RegionDaoTest
testFindAll(com.softserveinc.edu.oms.persistence.dao.RegionDaoTest)  Time elapsed: 0.157 sec  <<< ERROR!
java.lang.IllegalStateException: Failed to load ApplicationContext
Caused by: org.springframework.beans.factory.BeanCreationException: Error creating bean with name 'transactionManager' defined in class path resource [testApplicationContex.xml]: Cannot resolve reference to bean 'sessionFactory' while setting bean property 'sessionFactory'; nested exception is org.springframework.beans.factory.BeanCreationException: Error creating bean with name 'sessionFactory' defined in class path resource [testApplicationContex.xml]: Invocation of init method failed; nested exception is org.hibernate.HibernateException: Unable to get the default Bean Validation factory
Caused by: org.springframework.beans.factory.BeanCreationException: Error creating bean with name 'sessionFactory' defined in class path resource [testApplicationContex.xml]: Invocation of init method failed; nested exception is org.hibernate.HibernateException: Unable to get the default Bean Validation factory
Caused by: org.hibernate.HibernateException: Unable to get the default Bean Validation factory
Caused by: java.lang.reflect.InvocationTargetException
Caused by: java.lang.NoClassDefFoundError: javax/xml/bind/JAXBException
Caused by: java.lang.ClassNotFoundException: javax.xml.bind.JAXBException

testFindByID(com.softserveinc.edu.oms.persistence.dao.RegionDaoTest)  Time elapsed: 0.16 sec  <<< ERROR!
java.lang.IllegalStateException: Failed to load ApplicationContext
Caused by: org.springframework.beans.factory.BeanCreationException: Error creating bean with name 'transactionManager' defined in class path resource [testApplicationContex.xml]: Cannot resolve reference to bean 'sessionFactory' while setting bean property 'sessionFactory'; nested exception is org.springframework.beans.factory.BeanCreationException: Error creating bean with name 'sessionFactory' defined in class path resource [testApplicationContex.xml]: Invocation of init method failed; nested exception is org.hibernate.HibernateException: Unable to get the default Bean Validation factory
Caused by: org.springframework.beans.factory.BeanCreationException: Error creating bean with name 'sessionFactory' defined in class path resource [testApplicationContex.xml]: Invocation of init method failed; nested exception is org.hibernate.HibernateException: Unable to get the default Bean Validation factory
Caused by: org.hibernate.HibernateException: Unable to get the default Bean Validation factory
Caused by: java.lang.reflect.InvocationTargetException
Caused by: java.lang.NoClassDefFoundError: javax/xml/bind/JAXBException
Caused by: java.lang.ClassNotFoundException: javax.xml.bind.JAXBException

testInsertOrUpdate(com.softserveinc.edu.oms.persistence.dao.RegionDaoTest)  Time elapsed: 0.152 sec  <<< ERROR!
java.lang.IllegalStateException: Failed to load ApplicationContext
Caused by: org.springframework.beans.factory.BeanCreationException: Error creating bean with name 'transactionManager' defined in class path resource [testApplicationContex.xml]: Cannot resolve reference to bean 'sessionFactory' while setting bean property 'sessionFactory'; nested exception is org.springframework.beans.factory.BeanCreationException: Error creating bean with name 'sessionFactory' defined in class path resource [testApplicationContex.xml]: Invocation of init method failed; nested exception is org.hibernate.HibernateException: Unable to get the default Bean Validation factory
Caused by: org.springframework.beans.factory.BeanCreationException: Error creating bean with name 'sessionFactory' defined in class path resource [testApplicationContex.xml]: Invocation of init method failed; nested exception is org.hibernate.HibernateException: Unable to get the default Bean Validation factory
Caused by: org.hibernate.HibernateException: Unable to get the default Bean Validation factory
Caused by: java.lang.reflect.InvocationTargetException
Caused by: java.lang.NoClassDefFoundError: javax/xml/bind/JAXBException
Caused by: java.lang.ClassNotFoundException: javax.xml.bind.JAXBException

testDelete(com.softserveinc.edu.oms.persistence.dao.RegionDaoTest)  Time elapsed: 0.126 sec  <<< ERROR!
java.lang.IllegalStateException: Failed to load ApplicationContext
Caused by: org.springframework.beans.factory.BeanCreationException: Error creating bean with name 'transactionManager' defined in class path resource [testApplicationContex.xml]: Cannot resolve reference to bean 'sessionFactory' while setting bean property 'sessionFactory'; nested exception is org.springframework.beans.factory.BeanCreationException: Error creating bean with name 'sessionFactory' defined in class path resource [testApplicationContex.xml]: Invocation of init method failed; nested exception is org.hibernate.HibernateException: Unable to get the default Bean Validation factory
Caused by: org.springframework.beans.factory.BeanCreationException: Error creating bean with name 'sessionFactory' defined in class path resource [testApplicationContex.xml]: Invocation of init method failed; nested exception is org.hibernate.HibernateException: Unable to get the default Bean Validation factory
Caused by: org.hibernate.HibernateException: Unable to get the default Bean Validation factory
Caused by: java.lang.reflect.InvocationTargetException
Caused by: java.lang.NoClassDefFoundError: javax/xml/bind/JAXBException
Caused by: java.lang.ClassNotFoundException: javax.xml.bind.JAXBException

testFindByRegionName(com.softserveinc.edu.oms.persistence.dao.RegionDaoTest)  Time elapsed: 0.118 sec  <<< ERROR!
java.lang.IllegalStateException: Failed to load ApplicationContext
Caused by: org.springframework.beans.factory.BeanCreationException: Error creating bean with name 'transactionManager' defined in class path resource [testApplicationContex.xml]: Cannot resolve reference to bean 'sessionFactory' while setting bean property 'sessionFactory'; nested exception is org.springframework.beans.factory.BeanCreationException: Error creating bean with name 'sessionFactory' defined in class path resource [testApplicationContex.xml]: Invocation of init method failed; nested exception is org.hibernate.HibernateException: Unable to get the default Bean Validation factory
Caused by: org.springframework.beans.factory.BeanCreationException: Error creating bean with name 'sessionFactory' defined in class path resource [testApplicationContex.xml]: Invocation of init method failed; nested exception is org.hibernate.HibernateException: Unable to get the default Bean Validation factory
Caused by: org.hibernate.HibernateException: Unable to get the default Bean Validation factory
Caused by: java.lang.reflect.InvocationTargetException
Caused by: java.lang.NoClassDefFoundError: javax/xml/bind/JAXBException
Caused by: java.lang.ClassNotFoundException: javax.xml.bind.JAXBException

testFindByOneOfCriterions(com.softserveinc.edu.oms.persistence.dao.RegionDaoTest)  Time elapsed: 0.123 sec  <<< ERROR!
java.lang.IllegalStateException: Failed to load ApplicationContext
Caused by: org.springframework.beans.factory.BeanCreationException: Error creating bean with name 'transactionManager' defined in class path resource [testApplicationContex.xml]: Cannot resolve reference to bean 'sessionFactory' while setting bean property 'sessionFactory'; nested exception is org.springframework.beans.factory.BeanCreationException: Error creating bean with name 'sessionFactory' defined in class path resource [testApplicationContex.xml]: Invocation of init method failed; nested exception is org.hibernate.HibernateException: Unable to get the default Bean Validation factory
Caused by: org.springframework.beans.factory.BeanCreationException: Error creating bean with name 'sessionFactory' defined in class path resource [testApplicationContex.xml]: Invocation of init method failed; nested exception is org.hibernate.HibernateException: Unable to get the default Bean Validation factory
Caused by: org.hibernate.HibernateException: Unable to get the default Bean Validation factory
Caused by: java.lang.reflect.InvocationTargetException
Caused by: java.lang.NoClassDefFoundError: javax/xml/bind/JAXBException
Caused by: java.lang.ClassNotFoundException: javax.xml.bind.JAXBException

testContextFile(com.softserveinc.edu.oms.persistence.dao.RegionDaoTest)  Time elapsed: 0.122 sec  <<< ERROR!
java.lang.IllegalStateException: Failed to load ApplicationContext
Caused by: org.springframework.beans.factory.BeanCreationException: Error creating bean with name 'transactionManager' defined in class path resource [testApplicationContex.xml]: Cannot resolve reference to bean 'sessionFactory' while setting bean property 'sessionFactory'; nested exception is org.springframework.beans.factory.BeanCreationException: Error creating bean with name 'sessionFactory' defined in class path resource [testApplicationContex.xml]: Invocation of init method failed; nested exception is org.hibernate.HibernateException: Unable to get the default Bean Validation factory
Caused by: org.springframework.beans.factory.BeanCreationException: Error creating bean with name 'sessionFactory' defined in class path resource [testApplicationContex.xml]: Invocation of init method failed; nested exception is org.hibernate.HibernateException: Unable to get the default Bean Validation factory
Caused by: org.hibernate.HibernateException: Unable to get the default Bean Validation factory
Caused by: java.lang.reflect.InvocationTargetException
Caused by: java.lang.NoClassDefFoundError: javax/xml/bind/JAXBException
Caused by: java.lang.ClassNotFoundException: javax.xml.bind.JAXBException

