-------------------------------------------------------------------------------
Test set: com.softserveinc.edu.oms.persistence.dao.CustomerTypeDaoTest
-------------------------------------------------------------------------------
Tests run: 11, Failures: 0, Errors: 11, Skipped: 0, Time elapsed: 0.925 sec <<< FAILURE! - in com.softserveinc.edu.oms.persistence.dao.CustomerTypeDaoTest
testFindAll(com.softserveinc.edu.oms.persistence.dao.CustomerTypeDaoTest)  Time elapsed: 0.082 sec  <<< ERROR!
java.lang.IllegalStateException: Failed to load ApplicationContext
Caused by: org.springframework.beans.factory.BeanCreationException: Error creating bean with name 'transactionManager' defined in class path resource [testApplicationContex.xml]: Cannot resolve reference to bean 'sessionFactory' while setting bean property 'sessionFactory'; nested exception is org.springframework.beans.factory.BeanCreationException: Error creating bean with name 'sessionFactory' defined in class path resource [testApplicationContex.xml]: Invocation of init method failed; nested exception is org.hibernate.HibernateException: Unable to get the default Bean Validation factory
Caused by: org.springframework.beans.factory.BeanCreationException: Error creating bean with name 'sessionFactory' defined in class path resource [testApplicationContex.xml]: Invocation of init method failed; nested exception is org.hibernate.HibernateException: Unable to get the default Bean Validation factory
Caused by: org.hibernate.HibernateException: Unable to get the default Bean Validation factory
Caused by: java.lang.reflect.InvocationTargetException
Caused by: java.lang.NoClassDefFoundError: javax/xml/bind/JAXBException
Caused by: java.lang.ClassNotFoundException: javax.xml.bind.JAXBException

testFindByID(com.softserveinc.edu.oms.persistence.dao.CustomerTypeDaoTest)  Time elapsed: 0.095 sec  <<< ERROR!
java.lang.IllegalStateException: Failed to load ApplicationContext
Caused by: org.springframework.beans.factory.BeanCreationException: Error creating bean with name 'transactionManager' defined in class path resource [testApplicationContex.xml]: Cannot resolve reference to bean 'sessionFactory' while setting bean property 'sessionFactory'; nested exception is org.springframework.beans.factory.BeanCreationException: Error creating bean with name 'sessionFactory' defined in class path resource [testApplicationContex.xml]: Invocation of init method failed; nested exception is org.hibernate.HibernateException: Unable to get the default Bean Validation factory
Caused by: org.springframework.beans.factory.BeanCreationException: Error creating bean with name 'sessionFactory' defined in class path resource [testApplicationContex.xml]: Invocation of init method failed; nested exception is org.hibernate.HibernateException: Unable to get the default Bean Validation factory
Caused by: org.hibernate.HibernateException: Unable to get the default Bean Validation factory
Caused by: java.lang.reflect.InvocationTargetException
Caused by: java.lang.NoClassDefFoundError: javax/xml/bind/JAXBException
Caused by: java.lang.ClassNotFoundException: javax.xml.bind.JAXBException

testInsertOrUpdate(com.softserveinc.edu.oms.persistence.dao.CustomerTypeDaoTest)  Time elapsed: 0.101 sec  <<< ERROR!
java.lang.IllegalStateException: Failed to load ApplicationContext
Caused by: org.springframework.beans.factory.BeanCreationException: Error creating bean with name 'transactionManager' defined in class path resource [testApplicationContex.xml]: Cannot resolve reference to bean 'sessionFactory' while setting bean property 'sessionFactory'; nested exception is org.springframework.beans.factory.BeanCreationException: Error creating bean with name 'sessionFactory' defined in class path resource [testApplicationContex.xml]: Invocation of init method failed; nested exception is org.hibernate.HibernateException: Unable to get the default Bean Validation factory
Caused by: org.springframework.beans.factory.BeanCreationException: Error creating bean with name 'sessionFactory' defined in class path resource [testApplicationContex.xml]: Invocation of init method failed; nested exception is org.hibernate.HibernateException: Unable to get the default Bean Validation factory
Caused by: org.hibernate.HibernateException: Unable to get the default Bean Validation factory
Caused by: java.lang.reflect.InvocationTargetException
Caused by: java.lang.NoClassDefFoundError: javax/xml/bind/JAXBException
Caused by: java.lang.ClassNotFoundException: javax.xml.bind.JAXBException

testDelete(com.softserveinc.edu.oms.persistence.dao.CustomerTypeDaoTest)  Time elapsed: 0.092 sec  <<< ERROR!
java.lang.IllegalStateException: Failed to load ApplicationContext
Caused by: org.springframework.beans.factory.BeanCreationException: Error creating bean with name 'transactionManager' defined in class path resource [testApplicationContex.xml]: Cannot resolve reference to bean 'sessionFactory' while setting bean property 'sessionFactory'; nested exception is org.springframework.beans.factory.BeanCreationException: Error creating bean with name 'sessionFactory' defined in class path resource [testApplicationContex.xml]: Invocation of init method failed; nested exception is org.hibernate.HibernateException: Unable to get the default Bean Validation factory
Caused by: org.springframework.beans.factory.BeanCreationException: Error creating bean with name 'sessionFactory' defined in class path resource [testApplicationContex.xml]: Invocation of init method failed; nested exception is org.hibernate.HibernateException: Unable to get the default Bean Validation factory
Caused by: org.hibernate.HibernateException: Unable to get the default Bean Validation factory
Caused by: java.lang.reflect.InvocationTargetException
Caused by: java.lang.NoClassDefFoundError: javax/xml/bind/JAXBException
Caused by: java.lang.ClassNotFoundException: javax.xml.bind.JAXBException

testFindByOneOfCriterions(com.softserveinc.edu.oms.persistence.dao.CustomerTypeDaoTest)  Time elapsed: 0.087 sec  <<< ERROR!
java.lang.IllegalStateException: Failed to load ApplicationContext
Caused by: org.springframework.beans.factory.BeanCreationException: Error creating bean with name 'transactionManager' defined in class path resource [testApplicationContex.xml]: Cannot resolve reference to bean 'sessionFactory' while setting bean property 'sessionFactory'; nested exception is org.springframework.beans.factory.BeanCreationException: Error creating bean with name 'sessionFactory' defined in class path resource [testApplicationContex.xml]: Invocation of init method failed; nested exception is org.hibernate.HibernateException: Unable to get the default Bean Validation factory
Caused by: org.springframework.beans.factory.BeanCreationException: Error creating bean with name 'sessionFactory' defined in class path resource [testApplicationContex.xml]: Invocation of init method failed; nested exception is org.hibernate.HibernateException: Unable to get the default Bean Validation factory
Caused by: org.hibernate.HibernateException: Unable to get the default Bean Validation factory
Caused by: java.lang.reflect.InvocationTargetException
Caused by: java.lang.NoClassDefFoundError: javax/xml/bind/JAXBException
Caused by: java.lang.ClassNotFoundException: javax.xml.bind.JAXBException

testFindByCriterions(com.softserveinc.edu.oms.persistence.dao.CustomerTypeDaoTest)  Time elapsed: 0.084 sec  <<< ERROR!
java.lang.IllegalStateException: Failed to load ApplicationContext
Caused by: org.springframework.beans.factory.BeanCreationException: Error creating bean with name 'transactionManager' defined in class path resource [testApplicationContex.xml]: Cannot resolve reference to bean 'sessionFactory' while setting bean property 'sessionFactory'; nested exception is org.springframework.beans.factory.BeanCreationException: Error creating bean with name 'sessionFactory' defined in class path resource [testApplicationContex.xml]: Invocation of init method failed; nested exception is org.hibernate.HibernateException: Unable to get the default Bean Validation factory
Caused by: org.springframework.beans.factory.BeanCreationException: Error creating bean with name 'sessionFactory' defined in class path resource [testApplicationContex.xml]: Invocation of init method failed; nested exception is org.hibernate.HibernateException: Unable to get the default Bean Validation factory
Caused by: org.hibernate.HibernateException: Unable to get the default Bean Validation factory
Caused by: java.lang.reflect.InvocationTargetException
Caused by: java.lang.NoClassDefFoundError: javax/xml/bind/JAXBException
Caused by: java.lang.ClassNotFoundException: javax.xml.bind.JAXBException

testGetStandartTypeDiscount(com.softserveinc.edu.oms.persistence.dao.CustomerTypeDaoTest)  Time elapsed: 0.076 sec  <<< ERROR!
java.lang.IllegalStateException: Failed to load ApplicationContext
Caused by: org.springframework.beans.factory.BeanCreationException: Error creating bean with name 'transactionManager' defined in class path resource [testApplicationContex.xml]: Cannot resolve reference to bean 'sessionFactory' while setting bean property 'sessionFactory'; nested exception is org.springframework.beans.factory.BeanCreationException: Error creating bean with name 'sessionFactory' defined in class path resource [testApplicationContex.xml]: Invocation of init method failed; nested exception is org.hibernate.HibernateException: Unable to get the default Bean Validation factory
Caused by: org.springframework.beans.factory.BeanCreationException: Error creating bean with name 'sessionFactory' defined in class path resource [testApplicationContex.xml]: Invocation of init method failed; nested exception is org.hibernate.HibernateException: Unable to get the default Bean Validation factory
Caused by: org.hibernate.HibernateException: Unable to get the default Bean Validation factory
Caused by: java.lang.reflect.InvocationTargetException
Caused by: java.lang.NoClassDefFoundError: javax/xml/bind/JAXBException
Caused by: java.lang.ClassNotFoundException: javax.xml.bind.JAXBException

testGetSilverTypeDiscount(com.softserveinc.edu.oms.persistence.dao.CustomerTypeDaoTest)  Time elapsed: 0.076 sec  <<< ERROR!
java.lang.IllegalStateException: Failed to load ApplicationContext
Caused by: org.springframework.beans.factory.BeanCreationException: Error creating bean with name 'transactionManager' defined in class path resource [testApplicationContex.xml]: Cannot resolve reference to bean 'sessionFactory' while setting bean property 'sessionFactory'; nested exception is org.springframework.beans.factory.BeanCreationException: Error creating bean with name 'sessionFactory' defined in class path resource [testApplicationContex.xml]: Invocation of init method failed; nested exception is org.hibernate.HibernateException: Unable to get the default Bean Validation factory
Caused by: org.springframework.beans.factory.BeanCreationException: Error creating bean with name 'sessionFactory' defined in class path resource [testApplicationContex.xml]: Invocation of init method failed; nested exception is org.hibernate.HibernateException: Unable to get the default Bean Validation factory
Caused by: org.hibernate.HibernateException: Unable to get the default Bean Validation factory
Caused by: java.lang.reflect.InvocationTargetException
Caused by: java.lang.NoClassDefFoundError: javax/xml/bind/JAXBException
Caused by: java.lang.ClassNotFoundException: javax.xml.bind.JAXBException

testGetGoldTypeDiscount(com.softserveinc.edu.oms.persistence.dao.CustomerTypeDaoTest)  Time elapsed: 0.082 sec  <<< ERROR!
java.lang.IllegalStateException: Failed to load ApplicationContext
Caused by: org.springframework.beans.factory.BeanCreationException: Error creating bean with name 'transactionManager' defined in class path resource [testApplicationContex.xml]: Cannot resolve reference to bean 'sessionFactory' while setting bean property 'sessionFactory'; nested exception is org.springframework.beans.factory.BeanCreationException: Error creating bean with name 'sessionFactory' defined in class path resource [testApplicationContex.xml]: Invocation of init method failed; nested exception is org.hibernate.HibernateException: Unable to get the default Bean Validation factory
Caused by: org.springframework.beans.factory.BeanCreationException: Error creating bean with name 'sessionFactory' defined in class path resource [testApplicationContex.xml]: Invocation of init method failed; nested exception is org.hibernate.HibernateException: Unable to get the default Bean Validation factory
Caused by: org.hibernate.HibernateException: Unable to get the default Bean Validation factory
Caused by: java.lang.reflect.InvocationTargetException
Caused by: java.lang.NoClassDefFoundError: javax/xml/bind/JAXBException
Caused by: java.lang.ClassNotFoundException: javax.xml.bind.JAXBException

testGetPlatinumTypeDiscount(com.softserveinc.edu.oms.persistence.dao.CustomerTypeDaoTest)  Time elapsed: 0.074 sec  <<< ERROR!
java.lang.IllegalStateException: Failed to load ApplicationContext
Caused by: org.springframework.beans.factory.BeanCreationException: Error creating bean with name 'transactionManager' defined in class path resource [testApplicationContex.xml]: Cannot resolve reference to bean 'sessionFactory' while setting bean property 'sessionFactory'; nested exception is org.springframework.beans.factory.BeanCreationException: Error creating bean with name 'sessionFactory' defined in class path resource [testApplicationContex.xml]: Invocation of init method failed; nested exception is org.hibernate.HibernateException: Unable to get the default Bean Validation factory
Caused by: org.springframework.beans.factory.BeanCreationException: Error creating bean with name 'sessionFactory' defined in class path resource [testApplicationContex.xml]: Invocation of init method failed; nested exception is org.hibernate.HibernateException: Unable to get the default Bean Validation factory
Caused by: org.hibernate.HibernateException: Unable to get the default Bean Validation factory
Caused by: java.lang.reflect.InvocationTargetException
Caused by: java.lang.NoClassDefFoundError: javax/xml/bind/JAXBException
Caused by: java.lang.ClassNotFoundException: javax.xml.bind.JAXBException

testContextFile(com.softserveinc.edu.oms.persistence.dao.CustomerTypeDaoTest)  Time elapsed: 0.074 sec  <<< ERROR!
java.lang.IllegalStateException: Failed to load ApplicationContext
Caused by: org.springframework.beans.factory.BeanCreationException: Error creating bean with name 'transactionManager' defined in class path resource [testApplicationContex.xml]: Cannot resolve reference to bean 'sessionFactory' while setting bean property 'sessionFactory'; nested exception is org.springframework.beans.factory.BeanCreationException: Error creating bean with name 'sessionFactory' defined in class path resource [testApplicationContex.xml]: Invocation of init method failed; nested exception is org.hibernate.HibernateException: Unable to get the default Bean Validation factory
Caused by: org.springframework.beans.factory.BeanCreationException: Error creating bean with name 'sessionFactory' defined in class path resource [testApplicationContex.xml]: Invocation of init method failed; nested exception is org.hibernate.HibernateException: Unable to get the default Bean Validation factory
Caused by: org.hibernate.HibernateException: Unable to get the default Bean Validation factory
Caused by: java.lang.reflect.InvocationTargetException
Caused by: java.lang.NoClassDefFoundError: javax/xml/bind/JAXBException
Caused by: java.lang.ClassNotFoundException: javax.xml.bind.JAXBException

