-------------------------------------------------------------------------------
Test set: com.softserveinc.edu.oms.persistence.dao.OrderStatusDaoTest
-------------------------------------------------------------------------------
Tests run: 6, Failures: 0, Errors: 6, Skipped: 0, Time elapsed: 1.995 sec <<< FAILURE! - in com.softserveinc.edu.oms.persistence.dao.OrderStatusDaoTest
testFindAll(com.softserveinc.edu.oms.persistence.dao.OrderStatusDaoTest)  Time elapsed: 0.904 sec  <<< ERROR!
java.lang.IllegalStateException: Failed to load ApplicationContext
Caused by: org.springframework.beans.factory.BeanCreationException: Error creating bean with name 'transactionManager' defined in class path resource [testApplicationContex.xml]: Cannot resolve reference to bean 'sessionFactory' while setting bean property 'sessionFactory'; nested exception is org.springframework.beans.factory.BeanCreationException: Error creating bean with name 'sessionFactory' defined in class path resource [testApplicationContex.xml]: Invocation of init method failed; nested exception is org.hibernate.HibernateException: Unable to get the default Bean Validation factory
Caused by: org.springframework.beans.factory.BeanCreationException: Error creating bean with name 'sessionFactory' defined in class path resource [testApplicationContex.xml]: Invocation of init method failed; nested exception is org.hibernate.HibernateException: Unable to get the default Bean Validation factory
Caused by: org.hibernate.HibernateException: Unable to get the default Bean Validation factory
Caused by: java.lang.reflect.InvocationTargetException
Caused by: java.lang.NoClassDefFoundError: javax/xml/bind/JAXBException
Caused by: java.lang.ClassNotFoundException: javax.xml.bind.JAXBException

testFindByID(com.softserveinc.edu.oms.persistence.dao.OrderStatusDaoTest)  Time elapsed: 0.217 sec  <<< ERROR!
java.lang.IllegalStateException: Failed to load ApplicationContext
Caused by: org.springframework.beans.factory.BeanCreationException: Error creating bean with name 'transactionManager' defined in class path resource [testApplicationContex.xml]: Cannot resolve reference to bean 'sessionFactory' while setting bean property 'sessionFactory'; nested exception is org.springframework.beans.factory.BeanCreationException: Error creating bean with name 'sessionFactory' defined in class path resource [testApplicationContex.xml]: Invocation of init method failed; nested exception is org.hibernate.HibernateException: Unable to get the default Bean Validation factory
Caused by: org.springframework.beans.factory.BeanCreationException: Error creating bean with name 'sessionFactory' defined in class path resource [testApplicationContex.xml]: Invocation of init method failed; nested exception is org.hibernate.HibernateException: Unable to get the default Bean Validation factory
Caused by: org.hibernate.HibernateException: Unable to get the default Bean Validation factory
Caused by: java.lang.reflect.InvocationTargetException
Caused by: java.lang.NoClassDefFoundError: javax/xml/bind/JAXBException
Caused by: java.lang.ClassNotFoundException: javax.xml.bind.JAXBException

testInsertOrUpdate(com.softserveinc.edu.oms.persistence.dao.OrderStatusDaoTest)  Time elapsed: 0.175 sec  <<< ERROR!
java.lang.IllegalStateException: Failed to load ApplicationContext
Caused by: org.springframework.beans.factory.BeanCreationException: Error creating bean with name 'transactionManager' defined in class path resource [testApplicationContex.xml]: Cannot resolve reference to bean 'sessionFactory' while setting bean property 'sessionFactory'; nested exception is org.springframework.beans.factory.BeanCreationException: Error creating bean with name 'sessionFactory' defined in class path resource [testApplicationContex.xml]: Invocation of init method failed; nested exception is org.hibernate.HibernateException: Unable to get the default Bean Validation factory
Caused by: org.springframework.beans.factory.BeanCreationException: Error creating bean with name 'sessionFactory' defined in class path resource [testApplicationContex.xml]: Invocation of init method failed; nested exception is org.hibernate.HibernateException: Unable to get the default Bean Validation factory
Caused by: org.hibernate.HibernateException: Unable to get the default Bean Validation factory
Caused by: java.lang.reflect.InvocationTargetException
Caused by: java.lang.NoClassDefFoundError: javax/xml/bind/JAXBException
Caused by: java.lang.ClassNotFoundException: javax.xml.bind.JAXBException

testDelete(com.softserveinc.edu.oms.persistence.dao.OrderStatusDaoTest)  Time elapsed: 0.159 sec  <<< ERROR!
java.lang.IllegalStateException: Failed to load ApplicationContext
Caused by: org.springframework.beans.factory.BeanCreationException: Error creating bean with name 'transactionManager' defined in class path resource [testApplicationContex.xml]: Cannot resolve reference to bean 'sessionFactory' while setting bean property 'sessionFactory'; nested exception is org.springframework.beans.factory.BeanCreationException: Error creating bean with name 'sessionFactory' defined in class path resource [testApplicationContex.xml]: Invocation of init method failed; nested exception is org.hibernate.HibernateException: Unable to get the default Bean Validation factory
Caused by: org.springframework.beans.factory.BeanCreationException: Error creating bean with name 'sessionFactory' defined in class path resource [testApplicationContex.xml]: Invocation of init method failed; nested exception is org.hibernate.HibernateException: Unable to get the default Bean Validation factory
Caused by: org.hibernate.HibernateException: Unable to get the default Bean Validation factory
Caused by: java.lang.reflect.InvocationTargetException
Caused by: java.lang.NoClassDefFoundError: javax/xml/bind/JAXBException
Caused by: java.lang.ClassNotFoundException: javax.xml.bind.JAXBException

testFindOrderStatusByName(com.softserveinc.edu.oms.persistence.dao.OrderStatusDaoTest)  Time elapsed: 0.165 sec  <<< ERROR!
java.lang.IllegalStateException: Failed to load ApplicationContext
Caused by: org.springframework.beans.factory.BeanCreationException: Error creating bean with name 'transactionManager' defined in class path resource [testApplicationContex.xml]: Cannot resolve reference to bean 'sessionFactory' while setting bean property 'sessionFactory'; nested exception is org.springframework.beans.factory.BeanCreationException: Error creating bean with name 'sessionFactory' defined in class path resource [testApplicationContex.xml]: Invocation of init method failed; nested exception is org.hibernate.HibernateException: Unable to get the default Bean Validation factory
Caused by: org.springframework.beans.factory.BeanCreationException: Error creating bean with name 'sessionFactory' defined in class path resource [testApplicationContex.xml]: Invocation of init method failed; nested exception is org.hibernate.HibernateException: Unable to get the default Bean Validation factory
Caused by: org.hibernate.HibernateException: Unable to get the default Bean Validation factory
Caused by: java.lang.reflect.InvocationTargetException
Caused by: java.lang.NoClassDefFoundError: javax/xml/bind/JAXBException
Caused by: java.lang.ClassNotFoundException: javax.xml.bind.JAXBException

testContextFile(com.softserveinc.edu.oms.persistence.dao.OrderStatusDaoTest)  Time elapsed: 0.192 sec  <<< ERROR!
java.lang.IllegalStateException: Failed to load ApplicationContext
Caused by: org.springframework.beans.factory.BeanCreationException: Error creating bean with name 'transactionManager' defined in class path resource [testApplicationContex.xml]: Cannot resolve reference to bean 'sessionFactory' while setting bean property 'sessionFactory'; nested exception is org.springframework.beans.factory.BeanCreationException: Error creating bean with name 'sessionFactory' defined in class path resource [testApplicationContex.xml]: Invocation of init method failed; nested exception is org.hibernate.HibernateException: Unable to get the default Bean Validation factory
Caused by: org.springframework.beans.factory.BeanCreationException: Error creating bean with name 'sessionFactory' defined in class path resource [testApplicationContex.xml]: Invocation of init method failed; nested exception is org.hibernate.HibernateException: Unable to get the default Bean Validation factory
Caused by: org.hibernate.HibernateException: Unable to get the default Bean Validation factory
Caused by: java.lang.reflect.InvocationTargetException
Caused by: java.lang.NoClassDefFoundError: javax/xml/bind/JAXBException
Caused by: java.lang.ClassNotFoundException: javax.xml.bind.JAXBException

